2023-02-13 02:52:09,178 - root - INFO - Main - acquire a child logger and then log messages in the child
2023-02-13 02:52:09,178 - SubscriberAppln - DEBUG - Main: parse command line arguments
2023-02-13 02:52:09,180 - SubscriberAppln - DEBUG - Main: resetting log level to 20
2023-02-13 02:52:09,180 - SubscriberAppln - INFO - SubscriberAppln::configure
2023-02-13 02:52:09,180 - SubscriberAppln - INFO - SubscriberMW::configure
2023-02-13 02:52:09,181 - SubscriberAppln - INFO - SubscriberMW::configure completed
2023-02-13 02:52:09,182 - SubscriberAppln - INFO - SubscriberAppln::configure - configuration complete
2023-02-13 02:52:09,182 - SubscriberAppln - INFO - SubscriberAppln::driver
2023-02-13 02:52:09,182 - SubscriberAppln - INFO - **********************************
2023-02-13 02:52:09,182 - SubscriberAppln - INFO - SubscriberAppln::dump
2023-02-13 02:52:09,182 - SubscriberAppln - INFO - ------------------------------
2023-02-13 02:52:09,182 - SubscriberAppln - INFO -      Name: sub2
2023-02-13 02:52:09,182 - SubscriberAppln - INFO -      Lookup: Centralized
2023-02-13 02:52:09,182 - SubscriberAppln - INFO -      Dissemination: Direct
2023-02-13 02:52:09,182 - SubscriberAppln - INFO -      Num Topics: 1
2023-02-13 02:52:09,182 - SubscriberAppln - INFO -      TopicList: ['humidity']
2023-02-13 02:52:09,182 - SubscriberAppln - INFO - **********************************
2023-02-13 02:52:09,182 - SubscriberAppln - INFO - SubscriberMW::event_loop - run the event loop
2023-02-13 02:52:09,182 - SubscriberAppln - INFO - SubscriberAppln::invoke_operation
2023-02-13 02:52:09,182 - SubscriberAppln - INFO - SubscriberMW::register
2023-02-13 02:52:09,183 - SubscriberAppln - INFO - SubscriberMW::register - sent register message and now now wait for reply
