2023-02-13 02:52:09,184 - root - INFO - Main - acquire a child logger and then log messages in the child
2023-02-13 02:52:09,185 - SubscriberAppln - DEBUG - Main: parse command line arguments
2023-02-13 02:52:09,186 - SubscriberAppln - DEBUG - Main: resetting log level to 20
2023-02-13 02:52:09,186 - SubscriberAppln - INFO - SubscriberAppln::configure
2023-02-13 02:52:09,186 - SubscriberAppln - INFO - SubscriberMW::configure
2023-02-13 02:52:09,187 - SubscriberAppln - INFO - SubscriberMW::configure completed
2023-02-13 02:52:09,188 - SubscriberAppln - INFO - SubscriberAppln::configure - configuration complete
2023-02-13 02:52:09,188 - SubscriberAppln - INFO - SubscriberAppln::driver
2023-02-13 02:52:09,188 - SubscriberAppln - INFO - **********************************
2023-02-13 02:52:09,188 - SubscriberAppln - INFO - SubscriberAppln::dump
2023-02-13 02:52:09,189 - SubscriberAppln - INFO - ------------------------------
2023-02-13 02:52:09,189 - SubscriberAppln - INFO -      Name: sub1
2023-02-13 02:52:09,189 - SubscriberAppln - INFO -      Lookup: Centralized
2023-02-13 02:52:09,189 - SubscriberAppln - INFO -      Dissemination: Direct
2023-02-13 02:52:09,189 - SubscriberAppln - INFO -      Num Topics: 1
2023-02-13 02:52:09,189 - SubscriberAppln - INFO -      TopicList: ['pressure']
2023-02-13 02:52:09,189 - SubscriberAppln - INFO - **********************************
2023-02-13 02:52:09,190 - SubscriberAppln - INFO - SubscriberMW::event_loop - run the event loop
2023-02-13 02:52:09,190 - SubscriberAppln - INFO - SubscriberAppln::invoke_operation
2023-02-13 02:52:09,190 - SubscriberAppln - INFO - SubscriberMW::register
2023-02-13 02:52:09,190 - SubscriberAppln - INFO - SubscriberMW::register - sent register message and now now wait for reply
